INFO:  latexindent version 3.24.4, 2024-07-18, a script to indent .tex files
       latexindent lives here: /Users/haosu/.local/share/nvim/mason/packages/latexindent/
       Tue May  6 13:45:11 2025
       Reading input from STDIN
INFO:  Processing switches:
INFO:  Directory for backup files and log file indent.log:
       .
INFO:  YAML settings read: defaultSettings.yaml
       Reading defaultSettings.yaml from /Users/haosu/.local/share/nvim/mason/packages/latexindent/defaultSettings.yaml
       Reading defaultSettings.yaml (2nd attempt) from /Users/haosu/.local/share/nvim/mason/packages/latexindent/../../texmf-dist/scripts/latexindent/defaultSettings.yaml
       and then, if necessary, /Users/haosu/.local/share/nvim/mason/packages/latexindent/LatexIndent/defaultSettings.yaml
INFO:  YAML reading settings
       The config file in "/Users/haosu/.indentconfig.yaml" will be read
       Reading path information from /Users/haosu/.indentconfig.yaml
       ---
       paths:
         - /Users/haosu/.config/latexindent.yaml

INFO:  YAML settings, reading from the following files:
       Reading USER settings from /Users/haosu/.config/latexindent.yaml
       ---
       defaultIndent: '  '

INFO:  Phase 1: searching for objects
INFO:  Phase 2: finding surrounding indentation
INFO:  Phase 3: indenting objects
INFO:  Phase 4: final indentation check
INFO:  Output routine:
       Not outputting to file; see -w and -o switches for more options.
       --------------
INFO:  Please direct all communication/issues to:
        https://github.com/cmhughes/latexindent.pl
